Copyright 1986-2022 Xilinx, Inc. All Rights Reserved.
---------------------------------------------------------------------------------------------------------------------------------------------------------------------------------------------------------------------------
| Tool Version : Vivado v.2022.2 (win64) Build 3671981 Fri Oct 14 05:00:03 MDT 2022
| Date         : Mon May  6 09:28:32 2024
| Host         : DESKTOP-Q80PKEK running 64-bit major release  (build 9200)
| Command      : report_timing_summary -max_paths 10 -report_unconstrained -file comparador_timing_summary_routed.rpt -pb comparador_timing_summary_routed.pb -rpx comparador_timing_summary_routed.rpx -warn_on_violation
| Design       : comparador
| Device       : 7a100t-csg324
| Speed File   : -1  PRODUCTION 1.23 2018-06-13
---------------------------------------------------------------------------------------------------------------------------------------------------------------------------------------------------------------------------

Timing Summary Report

------------------------------------------------------------------------------------------------
| Timer Settings
| --------------
------------------------------------------------------------------------------------------------

  Enable Multi Corner Analysis               :  Yes
  Enable Pessimism Removal                   :  Yes
  Pessimism Removal Resolution               :  Nearest Common Node
  Enable Input Delay Default Clock           :  No
  Enable Preset / Clear Arcs                 :  No
  Disable Flight Delays                      :  No
  Ignore I/O Paths                           :  No
  Timing Early Launch at Borrowing Latches   :  No
  Borrow Time for Max Delay Exceptions       :  Yes
  Merge Timing Exceptions                    :  Yes

  Corner  Analyze    Analyze    
  Name    Max Paths  Min Paths  
  ------  ---------  ---------  
  Slow    Yes        Yes        
  Fast    Yes        Yes        


------------------------------------------------------------------------------------------------
| Report Methodology
| ------------------
------------------------------------------------------------------------------------------------

No report available as report_methodology has not been run prior. Run report_methodology on the current design for the summary of methodology violations.



check_timing report

Table of Contents
-----------------
1. checking no_clock (0)
2. checking constant_clock (0)
3. checking pulse_width_clock (0)
4. checking unconstrained_internal_endpoints (0)
5. checking no_input_delay (0)
6. checking no_output_delay (0)
7. checking multiple_clock (0)
8. checking generated_clocks (0)
9. checking loops (0)
10. checking partial_input_delay (0)
11. checking partial_output_delay (0)
12. checking latch_loops (0)

1. checking no_clock (0)
------------------------
 There are 0 register/latch pins with no clock.


2. checking constant_clock (0)
------------------------------
 There are 0 register/latch pins with constant_clock.


3. checking pulse_width_clock (0)
---------------------------------
 There are 0 register/latch pins which need pulse_width check


4. checking unconstrained_internal_endpoints (0)
------------------------------------------------
 There are 0 pins that are not constrained for maximum delay.

 There are 0 pins that are not constrained for maximum delay due to constant clock.


5. checking no_input_delay (0)
------------------------------
 There are 0 input ports with no input delay specified.

 There are 0 input ports with no input delay but user has a false path constraint.


6. checking no_output_delay (0)
-------------------------------
 There are 0 ports with no output delay specified.

 There are 0 ports with no output delay but user has a false path constraint

 There are 0 ports with no output delay but with a timing clock defined on it or propagating through it


7. checking multiple_clock (0)
------------------------------
 There are 0 register/latch pins with multiple clocks.


8. checking generated_clocks (0)
--------------------------------
 There are 0 generated clocks that are not connected to a clock source.


9. checking loops (0)
---------------------
 There are 0 combinational loops in the design.


10. checking partial_input_delay (0)
------------------------------------
 There are 0 input ports with partial input delay specified.


11. checking partial_output_delay (0)
-------------------------------------
 There are 0 ports with partial output delay specified.


12. checking latch_loops (0)
----------------------------
 There are 0 combinational latch loops in the design through latch input



------------------------------------------------------------------------------------------------
| Design Timing Summary
| ---------------------
------------------------------------------------------------------------------------------------

    WNS(ns)      TNS(ns)  TNS Failing Endpoints  TNS Total Endpoints      WHS(ns)      THS(ns)  THS Failing Endpoints  THS Total Endpoints     WPWS(ns)     TPWS(ns)  TPWS Failing Endpoints  TPWS Total Endpoints  
    -------      -------  ---------------------  -------------------      -------      -------  ---------------------  -------------------     --------     --------  ----------------------  --------------------  
        inf        0.000                      0                    3          inf        0.000                      0                    3           NA           NA                      NA                    NA  


There are no user specified timing constraints.


------------------------------------------------------------------------------------------------
| Clock Summary
| -------------
------------------------------------------------------------------------------------------------


------------------------------------------------------------------------------------------------
| Intra Clock Table
| -----------------
------------------------------------------------------------------------------------------------

Clock             WNS(ns)      TNS(ns)  TNS Failing Endpoints  TNS Total Endpoints      WHS(ns)      THS(ns)  THS Failing Endpoints  THS Total Endpoints     WPWS(ns)     TPWS(ns)  TPWS Failing Endpoints  TPWS Total Endpoints  
-----             -------      -------  ---------------------  -------------------      -------      -------  ---------------------  -------------------     --------     --------  ----------------------  --------------------  


------------------------------------------------------------------------------------------------
| Inter Clock Table
| -----------------
------------------------------------------------------------------------------------------------

From Clock    To Clock          WNS(ns)      TNS(ns)  TNS Failing Endpoints  TNS Total Endpoints      WHS(ns)      THS(ns)  THS Failing Endpoints  THS Total Endpoints  
----------    --------          -------      -------  ---------------------  -------------------      -------      -------  ---------------------  -------------------  


------------------------------------------------------------------------------------------------
| Other Path Groups Table
| -----------------------
------------------------------------------------------------------------------------------------

Path Group    From Clock    To Clock          WNS(ns)      TNS(ns)  TNS Failing Endpoints  TNS Total Endpoints      WHS(ns)      THS(ns)  THS Failing Endpoints  THS Total Endpoints  
----------    ----------    --------          -------      -------  ---------------------  -------------------      -------      -------  ---------------------  -------------------  


------------------------------------------------------------------------------------------------
| User Ignored Path Table
| -----------------------
------------------------------------------------------------------------------------------------

Path Group    From Clock    To Clock    
----------    ----------    --------    


------------------------------------------------------------------------------------------------
| Unconstrained Path Table
| ------------------------
------------------------------------------------------------------------------------------------

Path Group    From Clock    To Clock    
----------    ----------    --------    
(none)                                    


------------------------------------------------------------------------------------------------
| Timing Details
| --------------
------------------------------------------------------------------------------------------------


--------------------------------------------------------------------------------------
Path Group:  (none)
From Clock:  
  To Clock:  

Max Delay             3 Endpoints
Min Delay             3 Endpoints
--------------------------------------------------------------------------------------


Max Delay Paths
--------------------------------------------------------------------------------------
Slack:                    inf
  Source:                 a[1]
                            (input port)
  Destination:            y
                            (output port)
  Path Group:             (none)
  Path Type:              Max at Slow Process Corner
  Data Path Delay:        8.177ns  (logic 4.147ns (50.707%)  route 4.031ns (49.293%))
  Logic Levels:           4  (IBUF=1 LUT4=1 LUT6=1 OBUF=1)

    Location             Delay type                Incr(ns)  Path(ns)    Netlist Resource(s)
  -------------------------------------------------------------------    -------------------
    T10                                               0.000     0.000 r  a[1] (IN)
                         net (fo=0)                   0.000     0.000    a[1]
    T10                  IBUF (Prop_ibuf_I_O)         1.007     1.007 r  a_IBUF[1]_inst/O
                         net (fo=2, routed)           1.561     2.568    a_IBUF[1]
    SLICE_X0Y55          LUT6 (Prop_lut6_I5_O)        0.124     2.692 f  x_OBUF_inst_i_2/O
                         net (fo=3, routed)           0.657     3.349    x_OBUF_inst_i_2_n_0
    SLICE_X0Y57          LUT4 (Prop_lut4_I1_O)        0.150     3.499 r  y_OBUF_inst_i_1/O
                         net (fo=1, routed)           1.813     5.312    y_OBUF
    V12                  OBUF (Prop_obuf_I_O)         2.865     8.177 r  y_OBUF_inst/O
                         net (fo=0)                   0.000     8.177    y
    V12                                                               r  y (OUT)
  -------------------------------------------------------------------    -------------------

Slack:                    inf
  Source:                 a[1]
                            (input port)
  Destination:            z
                            (output port)
  Path Group:             (none)
  Path Type:              Max at Slow Process Corner
  Data Path Delay:        7.856ns  (logic 3.926ns (49.982%)  route 3.929ns (50.018%))
  Logic Levels:           4  (IBUF=1 LUT4=1 LUT6=1 OBUF=1)

    Location             Delay type                Incr(ns)  Path(ns)    Netlist Resource(s)
  -------------------------------------------------------------------    -------------------
    T10                                               0.000     0.000 r  a[1] (IN)
                         net (fo=0)                   0.000     0.000    a[1]
    T10                  IBUF (Prop_ibuf_I_O)         1.007     1.007 r  a_IBUF[1]_inst/O
                         net (fo=2, routed)           1.561     2.568    a_IBUF[1]
    SLICE_X0Y55          LUT6 (Prop_lut6_I5_O)        0.124     2.692 f  x_OBUF_inst_i_2/O
                         net (fo=3, routed)           0.657     3.349    x_OBUF_inst_i_2_n_0
    SLICE_X0Y57          LUT4 (Prop_lut4_I0_O)        0.124     3.473 r  z_OBUF_inst_i_1/O
                         net (fo=1, routed)           1.712     5.184    z_OBUF
    U12                  OBUF (Prop_obuf_I_O)         2.671     7.856 r  z_OBUF_inst/O
                         net (fo=0)                   0.000     7.856    z
    U12                                                               r  z (OUT)
  -------------------------------------------------------------------    -------------------

Slack:                    inf
  Source:                 a[1]
                            (input port)
  Destination:            x
                            (output port)
  Path Group:             (none)
  Path Type:              Max at Slow Process Corner
  Data Path Delay:        7.811ns  (logic 3.927ns (50.279%)  route 3.884ns (49.721%))
  Logic Levels:           4  (IBUF=1 LUT3=1 LUT6=1 OBUF=1)

    Location             Delay type                Incr(ns)  Path(ns)    Netlist Resource(s)
  -------------------------------------------------------------------    -------------------
    T10                                               0.000     0.000 r  a[1] (IN)
                         net (fo=0)                   0.000     0.000    a[1]
    T10                  IBUF (Prop_ibuf_I_O)         1.007     1.007 r  a_IBUF[1]_inst/O
                         net (fo=2, routed)           1.561     2.568    a_IBUF[1]
    SLICE_X0Y55          LUT6 (Prop_lut6_I5_O)        0.124     2.692 r  x_OBUF_inst_i_2/O
                         net (fo=3, routed)           0.649     3.341    x_OBUF_inst_i_2_n_0
    SLICE_X0Y57          LUT3 (Prop_lut3_I2_O)        0.124     3.465 r  x_OBUF_inst_i_1/O
                         net (fo=1, routed)           1.674     5.139    x_OBUF
    V10                  OBUF (Prop_obuf_I_O)         2.672     7.811 r  x_OBUF_inst/O
                         net (fo=0)                   0.000     7.811    x
    V10                                                               r  x (OUT)
  -------------------------------------------------------------------    -------------------





Min Delay Paths
--------------------------------------------------------------------------------------
Slack:                    inf
  Source:                 b[3]
                            (input port)
  Destination:            x
                            (output port)
  Path Group:             (none)
  Path Type:              Min at Fast Process Corner
  Data Path Delay:        2.134ns  (logic 1.461ns (68.457%)  route 0.673ns (31.543%))
  Logic Levels:           3  (IBUF=1 LUT3=1 OBUF=1)

    Location             Delay type                Incr(ns)  Path(ns)    Netlist Resource(s)
  -------------------------------------------------------------------    -------------------
    V11                                               0.000     0.000 r  b[3] (IN)
                         net (fo=0)                   0.000     0.000    b[3]
    V11                  IBUF (Prop_ibuf_I_O)         0.228     0.228 r  b_IBUF[3]_inst/O
                         net (fo=3, routed)           0.348     0.576    b_IBUF[3]
    SLICE_X0Y57          LUT3 (Prop_lut3_I1_O)        0.045     0.621 r  x_OBUF_inst_i_1/O
                         net (fo=1, routed)           0.325     0.946    x_OBUF
    V10                  OBUF (Prop_obuf_I_O)         1.188     2.134 r  x_OBUF_inst/O
                         net (fo=0)                   0.000     2.134    x
    V10                                                               r  x (OUT)
  -------------------------------------------------------------------    -------------------

Slack:                    inf
  Source:                 b[3]
                            (input port)
  Destination:            z
                            (output port)
  Path Group:             (none)
  Path Type:              Min at Fast Process Corner
  Data Path Delay:        2.164ns  (logic 1.460ns (67.472%)  route 0.704ns (32.528%))
  Logic Levels:           3  (IBUF=1 LUT4=1 OBUF=1)

    Location             Delay type                Incr(ns)  Path(ns)    Netlist Resource(s)
  -------------------------------------------------------------------    -------------------
    V11                                               0.000     0.000 r  b[3] (IN)
                         net (fo=0)                   0.000     0.000    b[3]
    V11                  IBUF (Prop_ibuf_I_O)         0.228     0.228 r  b_IBUF[3]_inst/O
                         net (fo=3, routed)           0.347     0.575    b_IBUF[3]
    SLICE_X0Y57          LUT4 (Prop_lut4_I2_O)        0.045     0.620 r  z_OBUF_inst_i_1/O
                         net (fo=1, routed)           0.357     0.977    z_OBUF
    U12                  OBUF (Prop_obuf_I_O)         1.188     2.164 r  z_OBUF_inst/O
                         net (fo=0)                   0.000     2.164    z
    U12                                                               r  z (OUT)
  -------------------------------------------------------------------    -------------------

Slack:                    inf
  Source:                 b[3]
                            (input port)
  Destination:            y
                            (output port)
  Path Group:             (none)
  Path Type:              Min at Fast Process Corner
  Data Path Delay:        2.259ns  (logic 1.517ns (67.171%)  route 0.742ns (32.829%))
  Logic Levels:           3  (IBUF=1 LUT4=1 OBUF=1)

    Location             Delay type                Incr(ns)  Path(ns)    Netlist Resource(s)
  -------------------------------------------------------------------    -------------------
    V11                                               0.000     0.000 f  b[3] (IN)
                         net (fo=0)                   0.000     0.000    b[3]
    V11                  IBUF (Prop_ibuf_I_O)         0.228     0.228 f  b_IBUF[3]_inst/O
                         net (fo=3, routed)           0.347     0.575    b_IBUF[3]
    SLICE_X0Y57          LUT4 (Prop_lut4_I2_O)        0.048     0.623 r  y_OBUF_inst_i_1/O
                         net (fo=1, routed)           0.394     1.017    y_OBUF
    V12                  OBUF (Prop_obuf_I_O)         1.242     2.259 r  y_OBUF_inst/O
                         net (fo=0)                   0.000     2.259    y
    V12                                                               r  y (OUT)
  -------------------------------------------------------------------    -------------------





